CRITICAL - 2025-01-10 10:36:26 --> ErrorException: Undefined variable $validation
[Method: GET, Route: user_management/edit/5]
in APPPATH\Views\user_form.php on line 25.
 1 APPPATH\Views\user_form.php(25): CodeIgniter\Debug\Exceptions->errorHandler(2, 'Undefined variable $validation', 'D:\\xampp\\htdocs\\codeigniter4-basics\\app\\Views\\user_form.php', 25)
 2 SYSTEMPATH\View\View.php(234): include('D:\\xampp\\htdocs\\codeigniter4-basics\\app\\Views\\user_form.php')
 3 SYSTEMPATH\View\View.php(237): CodeIgniter\View\View->CodeIgniter\View\{closure}()
 4 SYSTEMPATH\Common.php(1171): CodeIgniter\View\View->render('user_form', [], true)
 5 APPPATH\Controllers\UserManagement.php(58): view('user_form', [...])
 6 SYSTEMPATH\CodeIgniter.php(933): App\Controllers\UserManagement->edit('5')
 7 SYSTEMPATH\CodeIgniter.php(509): CodeIgniter\CodeIgniter->runController(Object(App\Controllers\UserManagement))
 8 SYSTEMPATH\CodeIgniter.php(355): CodeIgniter\CodeIgniter->handleRequest(null, Object(Config\Cache), false)
 9 SYSTEMPATH\Boot.php(334): CodeIgniter\CodeIgniter->run()
10 SYSTEMPATH\Boot.php(67): CodeIgniter\Boot::runCodeIgniter(Object(CodeIgniter\CodeIgniter))
11 FCPATH\index.php(56): CodeIgniter\Boot::bootWeb(Object(Config\Paths))
CRITICAL - 2025-01-10 10:46:04 --> ErrorException: Undefined variable $validation
[Method: GET, Route: user_management/edit/1]
in APPPATH\Views\user_form.php on line 25.
 1 APPPATH\Views\user_form.php(25): CodeIgniter\Debug\Exceptions->errorHandler(2, 'Undefined variable $validation', 'D:\\xampp\\htdocs\\codeigniter4-basics\\app\\Views\\user_form.php', 25)
 2 SYSTEMPATH\View\View.php(234): include('D:\\xampp\\htdocs\\codeigniter4-basics\\app\\Views\\user_form.php')
 3 SYSTEMPATH\View\View.php(237): CodeIgniter\View\View->CodeIgniter\View\{closure}()
 4 SYSTEMPATH\Common.php(1171): CodeIgniter\View\View->render('user_form', [], true)
 5 APPPATH\Controllers\UserManagement.php(45): view('user_form', [...])
 6 SYSTEMPATH\CodeIgniter.php(933): App\Controllers\UserManagement->edit('1')
 7 SYSTEMPATH\CodeIgniter.php(509): CodeIgniter\CodeIgniter->runController(Object(App\Controllers\UserManagement))
 8 SYSTEMPATH\CodeIgniter.php(355): CodeIgniter\CodeIgniter->handleRequest(null, Object(Config\Cache), false)
 9 SYSTEMPATH\Boot.php(334): CodeIgniter\CodeIgniter->run()
10 SYSTEMPATH\Boot.php(67): CodeIgniter\Boot::runCodeIgniter(Object(CodeIgniter\CodeIgniter))
11 FCPATH\index.php(56): CodeIgniter\Boot::bootWeb(Object(Config\Paths))
